Searching for org_id for Ron Dugger
org_id 33363357 found
Requesting object listing
3 objects retrieved from API
GUID 7ffababd-a9ce-4acf-9b60-331f2ef7bf90: last modified 1754684344219 vs. last run epoch time: 1761330054000
GUID 5de43a18-f18b-45dc-aff1-f8193b991614: last modified 1751392724288 vs. last run epoch time: 1761330054000
GUID b1a39ddf-8dd8-4bfa-8194-190ee992b52e: last modified 1733251012496 vs. last run epoch time: 1761330054000
Exported 0 objects to disk
Current epoch
1761331018000
Requesting object listing
0 objects retrieved from API
Exported 0 objects to disk
Current epoch
1761331018000
Requesting object listing
18 objects retrieved from API
GUID 9b1deb72-1cdf-4136-88b0-30ec6f103eb8: last modified 1761330818216 vs. last run epoch time: 1761330054000
[
  {
    "edoc": "obj_id: RetailSalesWS-9b1deb72\nmodel:\n  name: Retail Sales WS\n  description: The Retail Sales WS worksheet provides a comprehensive overview of retail transactions, capturing details about the products sold, including their names, types, and prices, along with the quantity purchased. It also includes geographical information such as city, county, state, region, and specific store locations, represented by store names and zip codes. Additionally, the worksheet records the sales amount, sales date, and applicable sales tax percentage, along with a unique identifier for each transaction. (AI generated)\n  model_tables:\n  - name: DIM_RETAPP_PRODUCTS\n    obj_id: DIM_RETAPP_PRODUCTS-fe481140\n  - name: FACT_RETAPP_SALES\n    joins:\n    - with: DIM_RETAPP_PRODUCTS\n      referencing_join: C_DIM_RETAPP_PRODUCTS\n    - with: DIM_RETAPP_STORES\n      referencing_join: C_DIM_RETAPP_STORES\n    obj_id: FACT_RETAPP_SALES-0908b1bf\n  - name: DIM_RETAPP_STORES\n    obj_id: DIM_RETAPP_STORES-41e4d630\n  formulas:\n  - id: formula_Sales Tax (8%)\n    name: Sales Tax (8%)\n    expr: '[FACT_RETAPP_SALES::Sales Amount] * [Sales Tax Rate] / 100'\n  columns:\n  - name: Product Name\n    column_id: DIM_RETAPP_PRODUCTS::Product Name\n    properties:\n      column_type: ATTRIBUTE\n      index_type: DONT_INDEX\n  - name: Sales Tax %\n    formula_id: formula_Sales Tax (8%)\n    properties:\n      column_type: MEASURE\n      aggregation: AVERAGE\n      index_type: DONT_INDEX\n      synonyms:\n      - sale tax percent\n      currency_type:\n        iso_code: USD\n      synonym_type: USER_DEFINED\n  - name: Product Type\n    column_id: DIM_RETAPP_PRODUCTS::Product Type\n    properties:\n      column_type: ATTRIBUTE\n      index_type: DONT_INDEX\n  - name: Store Name\n    column_id: DIM_RETAPP_STORES::Store Name\n    properties:\n      column_type: ATTRIBUTE\n      index_type: DONT_INDEX\n  - name: City\n    column_id: DIM_RETAPP_STORES::City\n    properties:\n      column_type: ATTRIBUTE\n      index_type: DONT_INDEX\n  - name: State\n    column_id: DIM_RETAPP_STORES::State\n    properties:\n      column_type: ATTRIBUTE\n      index_type: DONT_INDEX\n      geo_config:\n        region_name:\n          country: UNITED STATES\n          region_name: state\n  - name: Zip Code\n    column_id: DIM_RETAPP_STORES::Zip Code\n    properties:\n      column_type: ATTRIBUTE\n      index_type: DONT_INDEX\n      geo_config:\n        region_name:\n          country: UNITED STATES\n          region_name: zip code\n  - name: County\n    column_id: DIM_RETAPP_STORES::County\n    properties:\n      column_type: ATTRIBUTE\n      index_type: DONT_INDEX\n      geo_config:\n        region_name:\n          country: UNITED STATES\n          region_name: county\n  - name: Latitude\n    column_id: DIM_RETAPP_STORES::Latitude\n    properties:\n      column_type: ATTRIBUTE\n      index_type: DONT_INDEX\n  - name: Longitude\n    column_id: DIM_RETAPP_STORES::Longitude\n    properties:\n      column_type: ATTRIBUTE\n      index_type: DONT_INDEX\n  - name: Region\n    column_id: DIM_RETAPP_STORES::Region\n    properties:\n      column_type: ATTRIBUTE\n  - name: Quantity Purchased\n    column_id: FACT_RETAPP_SALES::Quantity Purchased\n    properties:\n      column_type: MEASURE\n      aggregation: SUM\n      index_type: DONT_INDEX\n  - name: Item Price\n    column_id: FACT_RETAPP_SALES::Item Price\n    properties:\n      column_type: MEASURE\n      aggregation: SUM\n      index_type: DONT_INDEX\n      currency_type:\n        iso_code: USD\n  - name: Sales Amount\n    column_id: FACT_RETAPP_SALES::Sales Amount\n    properties:\n      column_type: MEASURE\n      aggregation: SUM\n      index_type: DONT_INDEX\n      synonyms:\n      - revenue\n      - sales\n      currency_type:\n        iso_code: USD\n      synonym_type: USER_DEFINED\n  - name: Sales Date\n    column_id: FACT_RETAPP_SALES::Sales Date\n    properties:\n      column_type: ATTRIBUTE\n      index_type: DONT_INDEX\n  properties:\n    is_bypass_rls: false\n    join_progressive: true\n    spotter_config:\n      is_spotter_enabled: true\n  parameters:\n  - id: b8c424dd-a897-49be-b460-8feaa2a7d27d\n    name: Data Security\n    data_type: CHAR\n    default_value: Secured\n    description: ''\n  - id: 9af79506-cfe6-4b86-854a-d1845f9e08f0\n    name: Sales Tax Rate\n    data_type: DOUBLE\n    default_value: '0.0'\n",
    "info": {
      "filename": "Retail Sales WS.model.tml",
      "name": "Retail Sales WS",
      "id": "9b1deb72-1cdf-4136-88b0-30ec6f103eb8",
      "type": "model",
      "status": {
        "status_code": "OK"
      }
    }
  }
]
obj_id: RetailSalesWS-9b1deb72
model:
  name: Retail Sales WS
  description: The Retail Sales WS worksheet provides a comprehensive overview of retail transactions, capturing details about the products sold, including their names, types, and prices, along with the quantity purchased. It also includes geographical information such as city, county, state, region, and specific store locations, represented by store names and zip codes. Additionally, the worksheet records the sales amount, sales date, and applicable sales tax percentage, along with a unique identifier for each transaction. (AI generated)
  model_tables:
  - name: DIM_RETAPP_PRODUCTS
    obj_id: DIM_RETAPP_PRODUCTS-fe481140
  - name: FACT_RETAPP_SALES
    joins:
    - with: DIM_RETAPP_PRODUCTS
      referencing_join: C_DIM_RETAPP_PRODUCTS
    - with: DIM_RETAPP_STORES
      referencing_join: C_DIM_RETAPP_STORES
    obj_id: FACT_RETAPP_SALES-0908b1bf
  - name: DIM_RETAPP_STORES
    obj_id: DIM_RETAPP_STORES-41e4d630
  formulas:
  - id: formula_Sales Tax (8%)
    name: Sales Tax (8%)
    expr: '[FACT_RETAPP_SALES::Sales Amount] * [Sales Tax Rate] / 100'
  columns:
  - name: Product Name
    column_id: DIM_RETAPP_PRODUCTS::Product Name
    properties:
      column_type: ATTRIBUTE
      index_type: DONT_INDEX
  - name: Sales Tax %
    formula_id: formula_Sales Tax (8%)
    properties:
      column_type: MEASURE
      aggregation: AVERAGE
      index_type: DONT_INDEX
      synonyms:
      - sale tax percent
      currency_type:
        iso_code: USD
      synonym_type: USER_DEFINED
  - name: Product Type
    column_id: DIM_RETAPP_PRODUCTS::Product Type
    properties:
      column_type: ATTRIBUTE
      index_type: DONT_INDEX
  - name: Store Name
    column_id: DIM_RETAPP_STORES::Store Name
    properties:
      column_type: ATTRIBUTE
      index_type: DONT_INDEX
  - name: City
    column_id: DIM_RETAPP_STORES::City
    properties:
      column_type: ATTRIBUTE
      index_type: DONT_INDEX
  - name: State
    column_id: DIM_RETAPP_STORES::State
    properties:
      column_type: ATTRIBUTE
      index_type: DONT_INDEX
      geo_config:
        region_name:
          country: UNITED STATES
          region_name: state
  - name: Zip Code
    column_id: DIM_RETAPP_STORES::Zip Code
    properties:
      column_type: ATTRIBUTE
      index_type: DONT_INDEX
      geo_config:
        region_name:
          country: UNITED STATES
          region_name: zip code
  - name: County
    column_id: DIM_RETAPP_STORES::County
    properties:
      column_type: ATTRIBUTE
      index_type: DONT_INDEX
      geo_config:
        region_name:
          country: UNITED STATES
          region_name: county
  - name: Latitude
    column_id: DIM_RETAPP_STORES::Latitude
    properties:
      column_type: ATTRIBUTE
      index_type: DONT_INDEX
  - name: Longitude
    column_id: DIM_RETAPP_STORES::Longitude
    properties:
      column_type: ATTRIBUTE
      index_type: DONT_INDEX
  - name: Region
    column_id: DIM_RETAPP_STORES::Region
    properties:
      column_type: ATTRIBUTE
  - name: Quantity Purchased
    column_id: FACT_RETAPP_SALES::Quantity Purchased
    properties:
      column_type: MEASURE
      aggregation: SUM
      index_type: DONT_INDEX
  - name: Item Price
    column_id: FACT_RETAPP_SALES::Item Price
    properties:
      column_type: MEASURE
      aggregation: SUM
      index_type: DONT_INDEX
      currency_type:
        iso_code: USD
  - name: Sales Amount
    column_id: FACT_RETAPP_SALES::Sales Amount
    properties:
      column_type: MEASURE
      aggregation: SUM
      index_type: DONT_INDEX
      synonyms:
      - revenue
      - sales
      currency_type:
        iso_code: USD
      synonym_type: USER_DEFINED
  - name: Sales Date
    column_id: FACT_RETAPP_SALES::Sales Date
    properties:
      column_type: ATTRIBUTE
      index_type: DONT_INDEX
  properties:
    is_bypass_rls: false
    join_progressive: true
    spotter_config:
      is_spotter_enabled: true
  parameters:
  - id: b8c424dd-a897-49be-b460-8feaa2a7d27d
    name: Data Security
    data_type: CHAR
    default_value: Secured
    description: ''
  - id: 9af79506-cfe6-4b86-854a-d1845f9e08f0
    name: Sales Tax Rate
    data_type: DOUBLE
    default_value: '0.0'

-------
GUID 5f92ed57-6310-43c7-9184-7acb9e57829c: last modified 1759777129394 vs. last run epoch time: 1761330054000
GUID 8da8c938-c8fa-4827-9b39-e4933e01ce40: last modified 1750092329540 vs. last run epoch time: 1761330054000
GUID 4d649482-8712-46b1-b795-4b710fde331c: last modified 1747690447204 vs. last run epoch time: 1761330054000
GUID ee840cb2-3238-42a0-9a9f-92a0857a5e8a: last modified 1747689993324 vs. last run epoch time: 1761330054000
GUID 8edd2683-57ec-4011-96cd-298004b62ebd: last modified 1747665401034 vs. last run epoch time: 1761330054000
GUID f9383169-0191-449b-827b-ae29599d97a0: last modified 1747310389509 vs. last run epoch time: 1761330054000
GUID bfbfed91-f97c-4eb3-8e40-be540ae0dba3: last modified 1747251881294 vs. last run epoch time: 1761330054000
GUID 6cd6ce67-5f03-4c75-98eb-114650ce281f: last modified 1747241396115 vs. last run epoch time: 1761330054000
GUID a8f9869f-0592-4b56-a1c0-0f36e9213d7d: last modified 1747237363961 vs. last run epoch time: 1761330054000
GUID b03a6f0b-8370-4afe-9bdb-a792e27b83bb: last modified 1745411726267 vs. last run epoch time: 1761330054000
GUID 02577521-4e44-4484-8df2-916df76e1c52: last modified 1729710791355 vs. last run epoch time: 1761330054000
GUID 7f406ec1-b579-4a41-8be4-6f716e6460df: last modified 1729709997989 vs. last run epoch time: 1761330054000
GUID 04a39745-d5e1-47d6-b6b7-a37bfd7a98a4: last modified 1729709982798 vs. last run epoch time: 1761330054000
GUID 86a1fab3-baec-4ba1-ae65-3aae794d3be2: last modified 1729709914723 vs. last run epoch time: 1761330054000
GUID 0908b1bf-d077-46d7-9c03-bf9088c68ed8: last modified 1704904185418 vs. last run epoch time: 1761330054000
GUID fe481140-915f-425b-bbbf-3f309a59d079: last modified 1704904184712 vs. last run epoch time: 1761330054000
GUID 41e4d630-e1ef-4770-908c-72c32d60ec12: last modified 1704904183158 vs. last run epoch time: 1761330054000
Exported 1 objects to disk
Current epoch
1761331018000
Current epoch
1761331018000
Current epoch
1761331018000
Current epoch
1761331018000
Requesting object listing
1 objects retrieved from API
GUID 274ba27a-4ee4-4053-ade4-a8a708bcdf44: last modified 1761230098404 vs. last run epoch time: 1761330054000
Exported 0 objects to disk
Current epoch
1761331019000
